  visuals.cpp
C:\Users\vongu\OneDrive\Máy tính\SolarSystem_HTV H+\SolarSystem\visuals.cpp(55,41): warning C4244: 'argument': conversion from 'double' to 'GLint', possible loss of data
C:\Users\vongu\OneDrive\Máy tính\SolarSystem_HTV H+\SolarSystem\visuals.cpp(55,34): warning C4244: 'argument': conversion from 'double' to 'GLint', possible loss of data
C:\Users\vongu\OneDrive\Máy tính\SolarSystem_HTV H+\SolarSystem\visuals.cpp(67,36): warning C4244: 'argument': conversion from 'double' to 'GLint', possible loss of data
C:\Users\vongu\OneDrive\Máy tính\SolarSystem_HTV H+\SolarSystem\visuals.cpp(67,30): warning C4244: 'argument': conversion from 'double' to 'GLint', possible loss of data
C:\Users\vongu\OneDrive\Máy tính\SolarSystem_HTV H+\SolarSystem\visuals.cpp(74,36): warning C4305: 'argument': truncation from 'double' to 'float'
C:\Users\vongu\OneDrive\Máy tính\SolarSystem_HTV H+\SolarSystem\visuals.cpp(75,37): warning C4305: 'argument': truncation from 'double' to 'float'
C:\Users\vongu\OneDrive\Máy tính\SolarSystem_HTV H+\SolarSystem\visuals.cpp(77,38): warning C4305: 'argument': truncation from 'double' to 'float'
C:\Users\vongu\OneDrive\Máy tính\SolarSystem_HTV H+\SolarSystem\visuals.cpp(78,38): warning C4305: 'argument': truncation from 'double' to 'float'
C:\Users\vongu\OneDrive\Máy tính\SolarSystem_HTV H+\SolarSystem\visuals.cpp(79,38): warning C4305: 'argument': truncation from 'double' to 'float'
C:\Users\vongu\OneDrive\Máy tính\SolarSystem_HTV H+\SolarSystem\visuals.cpp(80,38): warning C4305: 'argument': truncation from 'double' to 'float'
C:\Users\vongu\OneDrive\Máy tính\SolarSystem_HTV H+\SolarSystem\visuals.cpp(81,40): warning C4305: 'argument': truncation from 'double' to 'float'
C:\Users\vongu\OneDrive\Máy tính\SolarSystem_HTV H+\SolarSystem\visuals.cpp(82,40): warning C4305: 'argument': truncation from 'double' to 'float'
C:\Users\vongu\OneDrive\Máy tính\SolarSystem_HTV H+\SolarSystem\visuals.cpp(83,38): warning C4305: 'argument': truncation from 'double' to 'float'
C:\Users\vongu\OneDrive\Máy tính\SolarSystem_HTV H+\SolarSystem\visuals.cpp(84,33): warning C4305: 'argument': truncation from 'double' to 'float'
C:\Users\vongu\OneDrive\Máy tính\SolarSystem_HTV H+\SolarSystem\visuals.cpp(85,35): warning C4305: 'argument': truncation from 'double' to 'float'
C:\Users\vongu\OneDrive\Máy tính\SolarSystem_HTV H+\SolarSystem\visuals.cpp(86,35): warning C4305: 'argument': truncation from 'double' to 'float'
C:\Users\vongu\OneDrive\Máy tính\SolarSystem_HTV H+\SolarSystem\visuals.cpp(87,33): warning C4305: 'argument': truncation from 'double' to 'float'
C:\Users\vongu\OneDrive\Máy tính\SolarSystem_HTV H+\SolarSystem\visuals.cpp(88,35): warning C4305: 'argument': truncation from 'double' to 'float'
C:\Users\vongu\OneDrive\Máy tính\SolarSystem_HTV H+\SolarSystem\visuals.cpp(89,35): warning C4305: 'argument': truncation from 'double' to 'float'
C:\Users\vongu\OneDrive\Máy tính\SolarSystem_HTV H+\SolarSystem\visuals.cpp(90,35): warning C4305: 'argument': truncation from 'double' to 'float'
C:\Users\vongu\OneDrive\Máy tính\SolarSystem_HTV H+\SolarSystem\visuals.cpp(91,35): warning C4305: 'argument': truncation from 'double' to 'float'
C:\Users\vongu\OneDrive\Máy tính\SolarSystem_HTV H+\SolarSystem\visuals.cpp(92,35): warning C4305: 'argument': truncation from 'double' to 'float'
C:\Users\vongu\OneDrive\Máy tính\SolarSystem_HTV H+\SolarSystem\visuals.cpp(93,35): warning C4305: 'argument': truncation from 'double' to 'float'
C:\Users\vongu\OneDrive\Máy tính\SolarSystem_HTV H+\SolarSystem\visuals.cpp(102,21): warning C4018: '<': signed/unsigned mismatch
C:\Users\vongu\OneDrive\Máy tính\SolarSystem_HTV H+\SolarSystem\visuals.cpp(154,44): warning C4244: 'argument': conversion from 'double' to 'GLint', possible loss of data
C:\Users\vongu\OneDrive\Máy tính\SolarSystem_HTV H+\SolarSystem\visuals.cpp(154,37): warning C4244: 'argument': conversion from 'double' to 'GLint', possible loss of data
C:\Users\vongu\OneDrive\Máy tính\SolarSystem_HTV H+\SolarSystem\visuals.cpp(155,44): warning C4244: 'argument': conversion from 'double' to 'GLint', possible loss of data
C:\Users\vongu\OneDrive\Máy tính\SolarSystem_HTV H+\SolarSystem\visuals.cpp(155,37): warning C4244: 'argument': conversion from 'double' to 'GLint', possible loss of data
C:\Users\vongu\OneDrive\Máy tính\SolarSystem_HTV H+\SolarSystem\visuals.cpp(156,44): warning C4244: 'argument': conversion from 'double' to 'GLint', possible loss of data
C:\Users\vongu\OneDrive\Máy tính\SolarSystem_HTV H+\SolarSystem\visuals.cpp(156,37): warning C4244: 'argument': conversion from 'double' to 'GLint', possible loss of data
C:\Users\vongu\OneDrive\Máy tính\SolarSystem_HTV H+\SolarSystem\visuals.cpp(157,44): warning C4244: 'argument': conversion from 'double' to 'GLint', possible loss of data
C:\Users\vongu\OneDrive\Máy tính\SolarSystem_HTV H+\SolarSystem\visuals.cpp(157,37): warning C4244: 'argument': conversion from 'double' to 'GLint', possible loss of data
C:\Users\vongu\OneDrive\Máy tính\SolarSystem_HTV H+\SolarSystem\visuals.cpp(158,44): warning C4244: 'argument': conversion from 'double' to 'GLint', possible loss of data
C:\Users\vongu\OneDrive\Máy tính\SolarSystem_HTV H+\SolarSystem\visuals.cpp(158,37): warning C4244: 'argument': conversion from 'double' to 'GLint', possible loss of data
C:\Users\vongu\OneDrive\Máy tính\SolarSystem_HTV H+\SolarSystem\visuals.cpp(159,44): warning C4244: 'argument': conversion from 'double' to 'GLint', possible loss of data
C:\Users\vongu\OneDrive\Máy tính\SolarSystem_HTV H+\SolarSystem\visuals.cpp(159,37): warning C4244: 'argument': conversion from 'double' to 'GLint', possible loss of data
C:\Users\vongu\OneDrive\Máy tính\SolarSystem_HTV H+\SolarSystem\visuals.cpp(160,44): warning C4244: 'argument': conversion from 'double' to 'GLint', possible loss of data
C:\Users\vongu\OneDrive\Máy tính\SolarSystem_HTV H+\SolarSystem\visuals.cpp(160,37): warning C4244: 'argument': conversion from 'double' to 'GLint', possible loss of data
C:\Users\vongu\OneDrive\Máy tính\SolarSystem_HTV H+\SolarSystem\visuals.cpp(161,44): warning C4244: 'argument': conversion from 'double' to 'GLint', possible loss of data
C:\Users\vongu\OneDrive\Máy tính\SolarSystem_HTV H+\SolarSystem\visuals.cpp(161,37): warning C4244: 'argument': conversion from 'double' to 'GLint', possible loss of data
C:\Users\vongu\OneDrive\Máy tính\SolarSystem_HTV H+\SolarSystem\visuals.cpp(162,44): warning C4244: 'argument': conversion from 'double' to 'GLint', possible loss of data
C:\Users\vongu\OneDrive\Máy tính\SolarSystem_HTV H+\SolarSystem\visuals.cpp(162,37): warning C4244: 'argument': conversion from 'double' to 'GLint', possible loss of data
C:\Users\vongu\OneDrive\Máy tính\SolarSystem_HTV H+\SolarSystem\visuals.cpp(228,35): warning C4305: 'argument': truncation from 'double' to 'GLfloat'
C:\Users\vongu\OneDrive\Máy tính\SolarSystem_HTV H+\SolarSystem\visuals.cpp(233,21): warning C4244: 'argument': conversion from 'float' to 'GLenum', possible loss of data
C:\Users\vongu\OneDrive\Máy tính\SolarSystem_HTV H+\SolarSystem\visuals.cpp(233,14): warning C4244: 'argument': conversion from 'float' to 'GLenum', possible loss of data
C:\Users\vongu\OneDrive\Máy tính\SolarSystem_HTV H+\SolarSystem\visuals.cpp(244,39): warning C4244: 'argument': conversion from 'double' to 'GLint', possible loss of data
C:\Users\vongu\OneDrive\Máy tính\SolarSystem_HTV H+\SolarSystem\visuals.cpp(244,33): warning C4244: 'argument': conversion from 'double' to 'GLint', possible loss of data
C:\Users\vongu\OneDrive\Máy tính\SolarSystem_HTV H+\SolarSystem\visuals.cpp(276,39): warning C4244: 'argument': conversion from 'double' to 'GLint', possible loss of data
C:\Users\vongu\OneDrive\Máy tính\SolarSystem_HTV H+\SolarSystem\visuals.cpp(276,33): warning C4244: 'argument': conversion from 'double' to 'GLint', possible loss of data
C:\Users\vongu\OneDrive\Máy tính\SolarSystem_HTV H+\SolarSystem\visuals.cpp(322,39): warning C4244: 'argument': conversion from 'double' to 'GLint', possible loss of data
C:\Users\vongu\OneDrive\Máy tính\SolarSystem_HTV H+\SolarSystem\visuals.cpp(322,33): warning C4244: 'argument': conversion from 'double' to 'GLint', possible loss of data
C:\Users\vongu\OneDrive\Máy tính\SolarSystem_HTV H+\SolarSystem\visuals.cpp(344,39): warning C4244: 'argument': conversion from 'double' to 'GLint', possible loss of data
C:\Users\vongu\OneDrive\Máy tính\SolarSystem_HTV H+\SolarSystem\visuals.cpp(344,33): warning C4244: 'argument': conversion from 'double' to 'GLint', possible loss of data
C:\Users\vongu\OneDrive\Máy tính\SolarSystem_HTV H+\SolarSystem\visuals.cpp(370,39): warning C4244: 'argument': conversion from 'double' to 'GLint', possible loss of data
C:\Users\vongu\OneDrive\Máy tính\SolarSystem_HTV H+\SolarSystem\visuals.cpp(370,33): warning C4244: 'argument': conversion from 'double' to 'GLint', possible loss of data
C:\Users\vongu\OneDrive\Máy tính\SolarSystem_HTV H+\SolarSystem\visuals.cpp(397,39): warning C4244: 'argument': conversion from 'double' to 'GLint', possible loss of data
C:\Users\vongu\OneDrive\Máy tính\SolarSystem_HTV H+\SolarSystem\visuals.cpp(397,33): warning C4244: 'argument': conversion from 'double' to 'GLint', possible loss of data
C:\Users\vongu\OneDrive\Máy tính\SolarSystem_HTV H+\SolarSystem\visuals.cpp(426,39): warning C4244: 'argument': conversion from 'double' to 'GLint', possible loss of data
C:\Users\vongu\OneDrive\Máy tính\SolarSystem_HTV H+\SolarSystem\visuals.cpp(426,33): warning C4244: 'argument': conversion from 'double' to 'GLint', possible loss of data
C:\Users\vongu\OneDrive\Máy tính\SolarSystem_HTV H+\SolarSystem\visuals.cpp(432,32): warning C4244: 'argument': conversion from 'double' to 'GLint', possible loss of data
C:\Users\vongu\OneDrive\Máy tính\SolarSystem_HTV H+\SolarSystem\visuals.cpp(432,26): warning C4244: 'argument': conversion from 'double' to 'GLint', possible loss of data
C:\Users\vongu\OneDrive\Máy tính\SolarSystem_HTV H+\SolarSystem\visuals.cpp(433,32): warning C4244: 'argument': conversion from 'double' to 'GLint', possible loss of data
C:\Users\vongu\OneDrive\Máy tính\SolarSystem_HTV H+\SolarSystem\visuals.cpp(433,26): warning C4244: 'argument': conversion from 'double' to 'GLint', possible loss of data
C:\Users\vongu\OneDrive\Máy tính\SolarSystem_HTV H+\SolarSystem\visuals.cpp(459,39): warning C4244: 'argument': conversion from 'double' to 'GLint', possible loss of data
C:\Users\vongu\OneDrive\Máy tính\SolarSystem_HTV H+\SolarSystem\visuals.cpp(459,33): warning C4244: 'argument': conversion from 'double' to 'GLint', possible loss of data
C:\Users\vongu\OneDrive\Máy tính\SolarSystem_HTV H+\SolarSystem\visuals.cpp(484,39): warning C4244: 'argument': conversion from 'double' to 'GLint', possible loss of data
C:\Users\vongu\OneDrive\Máy tính\SolarSystem_HTV H+\SolarSystem\visuals.cpp(484,33): warning C4244: 'argument': conversion from 'double' to 'GLint', possible loss of data
C:\Users\vongu\OneDrive\Máy tính\SolarSystem_HTV H+\SolarSystem\visuals.cpp(509,39): warning C4244: 'argument': conversion from 'double' to 'GLint', possible loss of data
C:\Users\vongu\OneDrive\Máy tính\SolarSystem_HTV H+\SolarSystem\visuals.cpp(509,33): warning C4244: 'argument': conversion from 'double' to 'GLint', possible loss of data
C:\Users\vongu\OneDrive\Máy tính\SolarSystem_HTV H+\SolarSystem\visuals.cpp(650,22): warning C4305: '+=': truncation from 'double' to 'float'
C:\Users\vongu\OneDrive\Máy tính\SolarSystem_HTV H+\SolarSystem\visuals.cpp(655,23): warning C4305: '-=': truncation from 'double' to 'float'
C:\Users\vongu\OneDrive\Máy tính\SolarSystem_HTV H+\SolarSystem\visuals.cpp(678,12): warning C4244: 'argument': conversion from 'time_t' to 'unsigned int', possible loss of data
C:\Users\vongu\OneDrive\Máy tính\SolarSystem_HTV H+\SolarSystem\visuals.cpp(697,19): warning C4244: '=': conversion from 'int' to 'float', possible loss of data
C:\Users\vongu\OneDrive\Máy tính\SolarSystem_HTV H+\SolarSystem\visuals.cpp(698,19): warning C4244: '=': conversion from 'int' to 'float', possible loss of data
C:\Users\vongu\OneDrive\Máy tính\SolarSystem_HTV H+\SolarSystem\visuals.cpp(699,19): warning C4244: '=': conversion from 'int' to 'float', possible loss of data
  SolarSystem.vcxproj -> C:\Users\vongu\OneDrive\Máy tính\SolarSystem_HTV H+\SolarSystem\Debug\SolarSystem.exe
